{"/Users/yoseph/Desktop/my-website/src/components/NewsletterSignup.jsx": {"path":"/Users/yoseph/Desktop/my-website/src/components/NewsletterSignup.jsx","all":false,"statementMap":{"0":{"start":{"line":1,"column":0},"end":{"line":1,"column":39}},"3":{"start":{"line":4,"column":0},"end":{"line":4,"column":45}},"5":{"start":{"line":6,"column":0},"end":{"line":6,"column":31}},"7":{"start":{"line":8,"column":0},"end":{"line":8,"column":26}},"8":{"start":{"line":9,"column":0},"end":{"line":9,"column":55}},"9":{"start":{"line":10,"column":0},"end":{"line":10,"column":72}},"10":{"start":{"line":11,"column":0},"end":{"line":11,"column":13}},"11":{"start":{"line":12,"column":0},"end":{"line":12,"column":1}},"13":{"start":{"line":14,"column":0},"end":{"line":14,"column":62}},"14":{"start":{"line":15,"column":0},"end":{"line":15,"column":42}},"15":{"start":{"line":16,"column":0},"end":{"line":16,"column":44}},"16":{"start":{"line":17,"column":0},"end":{"line":17,"column":82}},"17":{"start":{"line":18,"column":0},"end":{"line":18,"column":25}},"19":{"start":{"line":20,"column":0},"end":{"line":20,"column":31}},"20":{"start":{"line":21,"column":0},"end":{"line":21,"column":28}},"21":{"start":{"line":22,"column":0},"end":{"line":22,"column":29}},"22":{"start":{"line":23,"column":0},"end":{"line":23,"column":3}},"24":{"start":{"line":25,"column":0},"end":{"line":25,"column":37}},"25":{"start":{"line":26,"column":0},"end":{"line":26,"column":22}},"26":{"start":{"line":27,"column":0},"end":{"line":27,"column":31}},"27":{"start":{"line":28,"column":0},"end":{"line":28,"column":38}},"29":{"start":{"line":30,"column":0},"end":{"line":30,"column":24}},"30":{"start":{"line":31,"column":0},"end":{"line":31,"column":18}},"32":{"start":{"line":33,"column":0},"end":{"line":33,"column":9}},"33":{"start":{"line":34,"column":0},"end":{"line":34,"column":50}},"34":{"start":{"line":35,"column":0},"end":{"line":35,"column":23}},"35":{"start":{"line":36,"column":0},"end":{"line":36,"column":56}},"36":{"start":{"line":37,"column":0},"end":{"line":37,"column":40}},"37":{"start":{"line":38,"column":0},"end":{"line":38,"column":8}},"38":{"start":{"line":39,"column":0},"end":{"line":39,"column":53}},"39":{"start":{"line":40,"column":0},"end":{"line":40,"column":96}},"40":{"start":{"line":41,"column":0},"end":{"line":41,"column":26}},"41":{"start":{"line":42,"column":0},"end":{"line":42,"column":24}},"42":{"start":{"line":43,"column":0},"end":{"line":43,"column":19}},"44":{"start":{"line":45,"column":0},"end":{"line":45,"column":97}},"45":{"start":{"line":46,"column":0},"end":{"line":46,"column":24}},"46":{"start":{"line":47,"column":0},"end":{"line":47,"column":5}},"47":{"start":{"line":48,"column":0},"end":{"line":48,"column":3}},"49":{"start":{"line":50,"column":0},"end":{"line":50,"column":29}},"50":{"start":{"line":51,"column":0},"end":{"line":51,"column":12}},"51":{"start":{"line":52,"column":0},"end":{"line":52,"column":14}},"52":{"start":{"line":53,"column":0},"end":{"line":53,"column":38}},"53":{"start":{"line":54,"column":0},"end":{"line":54,"column":47}},"54":{"start":{"line":55,"column":0},"end":{"line":55,"column":98}},"56":{"start":{"line":57,"column":0},"end":{"line":57,"column":72}},"57":{"start":{"line":58,"column":0},"end":{"line":58,"column":64}},"58":{"start":{"line":59,"column":0},"end":{"line":59,"column":74}},"59":{"start":{"line":60,"column":0},"end":{"line":60,"column":93}},"60":{"start":{"line":61,"column":0},"end":{"line":61,"column":14}},"61":{"start":{"line":62,"column":0},"end":{"line":62,"column":16}},"63":{"start":{"line":64,"column":0},"end":{"line":64,"column":3}},"65":{"start":{"line":66,"column":0},"end":{"line":66,"column":10}},"66":{"start":{"line":67,"column":0},"end":{"line":67,"column":12}},"67":{"start":{"line":68,"column":0},"end":{"line":68,"column":36}},"68":{"start":{"line":69,"column":0},"end":{"line":69,"column":33}},"69":{"start":{"line":70,"column":0},"end":{"line":70,"column":14}},"70":{"start":{"line":71,"column":0},"end":{"line":71,"column":127}},"71":{"start":{"line":72,"column":0},"end":{"line":72,"column":50}},"72":{"start":{"line":73,"column":0},"end":{"line":73,"column":8}},"74":{"start":{"line":75,"column":0},"end":{"line":75,"column":40}},"75":{"start":{"line":76,"column":0},"end":{"line":76,"column":76}},"76":{"start":{"line":77,"column":0},"end":{"line":77,"column":45}},"78":{"start":{"line":79,"column":0},"end":{"line":79,"column":12}},"79":{"start":{"line":80,"column":0},"end":{"line":80,"column":12}},"81":{"start":{"line":82,"column":0},"end":{"line":82,"column":11}},"82":{"start":{"line":83,"column":0},"end":{"line":83,"column":31}},"83":{"start":{"line":84,"column":0},"end":{"line":84,"column":38}},"84":{"start":{"line":85,"column":0},"end":{"line":85,"column":18}},"85":{"start":{"line":86,"column":0},"end":{"line":86,"column":68}},"87":{"start":{"line":88,"column":0},"end":{"line":88,"column":41}},"88":{"start":{"line":89,"column":0},"end":{"line":89,"column":87}},"89":{"start":{"line":90,"column":0},"end":{"line":90,"column":16}},"90":{"start":{"line":91,"column":0},"end":{"line":91,"column":35}},"91":{"start":{"line":92,"column":0},"end":{"line":92,"column":24}},"92":{"start":{"line":93,"column":0},"end":{"line":93,"column":25}},"93":{"start":{"line":94,"column":0},"end":{"line":94,"column":35}},"94":{"start":{"line":95,"column":0},"end":{"line":95,"column":41}},"95":{"start":{"line":96,"column":0},"end":{"line":96,"column":38}},"96":{"start":{"line":97,"column":0},"end":{"line":97,"column":58}},"97":{"start":{"line":98,"column":0},"end":{"line":98,"column":34}},"98":{"start":{"line":99,"column":0},"end":{"line":99,"column":69}},"99":{"start":{"line":100,"column":0},"end":{"line":100,"column":12}},"100":{"start":{"line":101,"column":0},"end":{"line":101,"column":21}},"101":{"start":{"line":102,"column":0},"end":{"line":102,"column":79}},"102":{"start":{"line":103,"column":0},"end":{"line":103,"column":21}},"103":{"start":{"line":104,"column":0},"end":{"line":104,"column":16}},"105":{"start":{"line":106,"column":0},"end":{"line":106,"column":14}},"107":{"start":{"line":108,"column":0},"end":{"line":108,"column":15}},"108":{"start":{"line":109,"column":0},"end":{"line":109,"column":23}},"109":{"start":{"line":110,"column":0},"end":{"line":110,"column":41}},"110":{"start":{"line":111,"column":0},"end":{"line":111,"column":32}},"111":{"start":{"line":112,"column":0},"end":{"line":112,"column":146}},"113":{"start":{"line":114,"column":0},"end":{"line":114,"column":75}},"114":{"start":{"line":115,"column":0},"end":{"line":115,"column":17}},"115":{"start":{"line":116,"column":0},"end":{"line":116,"column":13}},"116":{"start":{"line":117,"column":0},"end":{"line":117,"column":14}},"118":{"start":{"line":119,"column":0},"end":{"line":119,"column":1}}},"s":{"0":1,"3":1,"5":1,"7":12,"8":12,"9":12,"10":8,"11":8,"13":165,"14":165,"15":165,"16":165,"17":165,"19":165,"20":129,"21":129,"22":129,"24":165,"25":12,"26":12,"27":12,"29":8,"30":8,"32":8,"33":8,"34":8,"35":8,"36":8,"37":8,"38":6,"39":12,"40":5,"41":12,"42":12,"44":3,"45":3,"46":3,"47":12,"49":165,"50":5,"51":5,"52":5,"53":5,"54":5,"56":5,"57":5,"58":5,"59":5,"60":5,"61":5,"63":5,"65":160,"66":160,"67":160,"68":160,"69":160,"70":160,"71":160,"72":160,"74":160,"75":160,"76":160,"78":160,"79":160,"81":160,"82":160,"83":160,"84":160,"85":160,"87":160,"88":160,"89":160,"90":160,"91":160,"92":160,"93":160,"94":160,"95":160,"96":165,"97":165,"98":165,"99":165,"100":165,"101":7,"102":7,"103":7,"105":165,"107":165,"108":165,"109":165,"110":165,"111":165,"113":165,"114":165,"115":165,"116":165,"118":165},"branchMap":{"0":{"type":"branch","line":8,"loc":{"start":{"line":8,"column":0},"end":{"line":12,"column":1}},"locations":[{"start":{"line":8,"column":0},"end":{"line":12,"column":1}}]},"1":{"type":"branch","line":9,"loc":{"start":{"line":9,"column":21},"end":{"line":9,"column":55}},"locations":[{"start":{"line":9,"column":21},"end":{"line":9,"column":55}}]},"2":{"type":"branch","line":9,"loc":{"start":{"line":9,"column":28},"end":{"line":10,"column":36}},"locations":[{"start":{"line":9,"column":28},"end":{"line":10,"column":36}}]},"3":{"type":"branch","line":10,"loc":{"start":{"line":10,"column":29},"end":{"line":10,"column":72}},"locations":[{"start":{"line":10,"column":29},"end":{"line":10,"column":72}}]},"4":{"type":"branch","line":10,"loc":{"start":{"line":10,"column":36},"end":{"line":12,"column":1}},"locations":[{"start":{"line":10,"column":36},"end":{"line":12,"column":1}}]},"5":{"type":"branch","line":14,"loc":{"start":{"line":14,"column":0},"end":{"line":119,"column":1}},"locations":[{"start":{"line":14,"column":0},"end":{"line":119,"column":1}}]},"6":{"type":"branch","line":50,"loc":{"start":{"line":50,"column":28},"end":{"line":64,"column":3}},"locations":[{"start":{"line":50,"column":28},"end":{"line":64,"column":3}}]},"7":{"type":"branch","line":64,"loc":{"start":{"line":64,"column":2},"end":{"line":97,"column":38}},"locations":[{"start":{"line":64,"column":2},"end":{"line":97,"column":38}}]},"8":{"type":"branch","line":97,"loc":{"start":{"line":97,"column":30},"end":{"line":97,"column":48}},"locations":[{"start":{"line":97,"column":30},"end":{"line":97,"column":48}}]},"9":{"type":"branch","line":97,"loc":{"start":{"line":97,"column":38},"end":{"line":97,"column":58}},"locations":[{"start":{"line":97,"column":38},"end":{"line":97,"column":58}}]},"10":{"type":"branch","line":99,"loc":{"start":{"line":99,"column":43},"end":{"line":99,"column":64}},"locations":[{"start":{"line":99,"column":43},"end":{"line":99,"column":64}}]},"11":{"type":"branch","line":99,"loc":{"start":{"line":99,"column":51},"end":{"line":99,"column":66}},"locations":[{"start":{"line":99,"column":51},"end":{"line":99,"column":66}}]},"12":{"type":"branch","line":101,"loc":{"start":{"line":101,"column":11},"end":{"line":104,"column":16}},"locations":[{"start":{"line":101,"column":11},"end":{"line":104,"column":16}}]},"13":{"type":"branch","line":112,"loc":{"start":{"line":112,"column":113},"end":{"line":112,"column":141}},"locations":[{"start":{"line":112,"column":113},"end":{"line":112,"column":141}}]},"14":{"type":"branch","line":112,"loc":{"start":{"line":112,"column":125},"end":{"line":112,"column":143}},"locations":[{"start":{"line":112,"column":125},"end":{"line":112,"column":143}}]},"15":{"type":"branch","line":114,"loc":{"start":{"line":114,"column":22},"end":{"line":114,"column":75}},"locations":[{"start":{"line":114,"column":22},"end":{"line":114,"column":75}}]},"16":{"type":"branch","line":20,"loc":{"start":{"line":20,"column":23},"end":{"line":23,"column":3}},"locations":[{"start":{"line":20,"column":23},"end":{"line":23,"column":3}}]},"17":{"type":"branch","line":22,"loc":{"start":{"line":22,"column":15},"end":{"line":22,"column":29}},"locations":[{"start":{"line":22,"column":15},"end":{"line":22,"column":29}}]},"18":{"type":"branch","line":25,"loc":{"start":{"line":25,"column":23},"end":{"line":48,"column":3}},"locations":[{"start":{"line":25,"column":23},"end":{"line":48,"column":3}}]},"19":{"type":"branch","line":28,"loc":{"start":{"line":28,"column":13},"end":{"line":28,"column":38}},"locations":[{"start":{"line":28,"column":13},"end":{"line":28,"column":38}}]},"20":{"type":"branch","line":28,"loc":{"start":{"line":28,"column":37},"end":{"line":38,"column":8}},"locations":[{"start":{"line":28,"column":37},"end":{"line":38,"column":8}}]},"21":{"type":"branch","line":38,"loc":{"start":{"line":38,"column":7},"end":{"line":40,"column":25}},"locations":[{"start":{"line":38,"column":7},"end":{"line":40,"column":25}}]},"22":{"type":"branch","line":40,"loc":{"start":{"line":40,"column":19},"end":{"line":40,"column":96}},"locations":[{"start":{"line":40,"column":19},"end":{"line":40,"column":96}}]},"23":{"type":"branch","line":40,"loc":{"start":{"line":40,"column":43},"end":{"line":40,"column":95}},"locations":[{"start":{"line":40,"column":43},"end":{"line":40,"column":95}}]},"24":{"type":"branch","line":40,"loc":{"start":{"line":40,"column":95},"end":{"line":42,"column":18}},"locations":[{"start":{"line":40,"column":95},"end":{"line":42,"column":18}}]},"25":{"type":"branch","line":42,"loc":{"start":{"line":42,"column":6},"end":{"line":42,"column":24}},"locations":[{"start":{"line":42,"column":6},"end":{"line":42,"column":24}}]},"26":{"type":"branch","line":43,"loc":{"start":{"line":43,"column":4},"end":{"line":47,"column":5}},"locations":[{"start":{"line":43,"column":4},"end":{"line":47,"column":5}}]},"27":{"type":"branch","line":45,"loc":{"start":{"line":45,"column":30},"end":{"line":45,"column":55}},"locations":[{"start":{"line":45,"column":30},"end":{"line":45,"column":55}}]},"28":{"type":"branch","line":45,"loc":{"start":{"line":45,"column":45},"end":{"line":45,"column":96}},"locations":[{"start":{"line":45,"column":45},"end":{"line":45,"column":96}}]}},"b":{"0":[12],"1":[3],"2":[9],"3":[1],"4":[8],"5":[165],"6":[5],"7":[160],"8":[7],"9":[153],"10":[7],"11":[153],"12":[7],"13":[8],"14":[152],"15":[152],"16":[129],"17":[1],"18":[12],"19":[4],"20":[8],"21":[6],"22":[1],"23":[0],"24":[5],"25":[1],"26":[3],"27":[1],"28":[2]},"fnMap":{"0":{"name":"validate","decl":{"start":{"line":8,"column":0},"end":{"line":12,"column":1}},"loc":{"start":{"line":8,"column":0},"end":{"line":12,"column":1}},"line":8},"1":{"name":"NewsletterSignup","decl":{"start":{"line":14,"column":0},"end":{"line":119,"column":1}},"loc":{"start":{"line":14,"column":0},"end":{"line":119,"column":1}},"line":14},"2":{"name":"handleChange","decl":{"start":{"line":20,"column":23},"end":{"line":23,"column":3}},"loc":{"start":{"line":20,"column":23},"end":{"line":23,"column":3}},"line":20},"3":{"name":"handleSubmit","decl":{"start":{"line":25,"column":23},"end":{"line":48,"column":3}},"loc":{"start":{"line":25,"column":23},"end":{"line":48,"column":3}},"line":25}},"f":{"0":12,"1":165,"2":129,"3":12}}
}
